<?xml version="1.0" encoding="UTF-8"?>
<testng-results ignored="0" total="1" passed="1" failed="0" skipped="0">
  <reporter-output>
  </reporter-output>
  <suite started-at="2022-10-19T23:05:24 IST" name="Default suite" finished-at="2022-10-19T23:05:25 IST" duration-ms="883">
    <groups>
      <group name="cucumber">
        <method signature="AbstractTestNGCucumberTests.runScenario(io.cucumber.testng.PickleWrapper,io.cucumber.testng.FeatureWrapper)[pri:0, instance:cucumber_project.Test_Runner_Testng@13c9d689]" name="runScenario" class="io.cucumber.testng.AbstractTestNGCucumberTests"/>
      </group> <!-- cucumber -->
    </groups>
    <test started-at="2022-10-19T23:05:24 IST" name="Default test" finished-at="2022-10-19T23:05:25 IST" duration-ms="883">
      <class name="cucumber_project.Test_Runner_Testng">
        <test-method is-config="true" signature="setUpClass(org.testng.ITestContext)[pri:0, instance:cucumber_project.Test_Runner_Testng@13c9d689]" started-at="2022-10-19T23:05:24 IST" name="setUpClass" finished-at="2022-10-19T23:05:25 IST" duration-ms="418" status="PASS">
          <params>
            <param index="0">
              <value>
                <![CDATA[org.testng.TestRunner@12c7a01b]]>
              </value>
            </param>
          </params>
          <reporter-output>
          </reporter-output>
        </test-method> <!-- setUpClass -->
        <test-method signature="runScenario(io.cucumber.testng.PickleWrapper,io.cucumber.testng.FeatureWrapper)[pri:0, instance:cucumber_project.Test_Runner_Testng@13c9d689]" started-at="2022-10-19T23:05:25 IST" name="runScenario" description="Runs Cucumber Scenarios" data-provider="scenarios" finished-at="2022-10-19T23:05:25 IST" duration-ms="328" status="PASS">
          <params>
            <param index="0">
              <value>
                <![CDATA["Check the first testing file"]]>
              </value>
            </param>
            <param index="1">
              <value>
                <![CDATA["Validating first PAGE"]]>
              </value>
            </param>
          </params>
          <reporter-output>
          </reporter-output>
        </test-method> <!-- runScenario -->
        <test-method is-config="true" signature="tearDownClass()[pri:0, instance:cucumber_project.Test_Runner_Testng@13c9d689]" started-at="2022-10-19T23:05:25 IST" name="tearDownClass" finished-at="2022-10-19T23:05:25 IST" duration-ms="33" status="PASS">
          <reporter-output>
          </reporter-output>
        </test-method> <!-- tearDownClass -->
      </class> <!-- cucumber_project.Test_Runner_Testng -->
    </test> <!-- Default test -->
  </suite> <!-- Default suite -->
</testng-results>
